This is pdfTeX, Version 3.14159265-2.6-1.40.17 (TeX Live 2016/Debian) (preloaded format=pdflatex 2017.8.9)  8 NOV 2017 23:46
entering extended mode
 restricted \write18 enabled.
 %&-line parsing enabled.
**15bce1287_finalpaper_ml.tex
(./15bce1287_finalpaper_ml.tex
LaTeX2e <2017/01/01> patch level 3
Babel <3.9r> and hyphenation patterns for 83 language(s) loaded.
(/usr/share/texlive/texmf-dist/tex/latex/IEEEtran/IEEEtran.cls
Document Class: IEEEtran 2015/08/26 V1.8b by Michael Shell
-- See the "IEEEtran_HOWTO" manual for usage information.
-- http://www.michaelshell.org/tex/ieeetran/
\@IEEEtrantmpdimenA=\dimen102
\@IEEEtrantmpdimenB=\dimen103
\@IEEEtrantmpdimenC=\dimen104
\@IEEEtrantmpcountA=\count79
\@IEEEtrantmpcountB=\count80
\@IEEEtrantmpcountC=\count81
\@IEEEtrantmptoksA=\toks14
LaTeX Font Info:    Try loading font information for OT1+ptm on input line 503.

(/usr/share/texlive/texmf-dist/tex/latex/psnfss/ot1ptm.fd
File: ot1ptm.fd 2001/06/04 font definitions for OT1/ptm.
)
-- Using IEEE Computer Society mode.
-- Using 8.5in x 11in (letter) paper.
-- Using PDF output.
\@IEEEnormalsizeunitybaselineskip=\dimen105
-- This is a 10 point document.
\CLASSINFOnormalsizebaselineskip=\dimen106
\CLASSINFOnormalsizeunitybaselineskip=\dimen107
\IEEEnormaljot=\dimen108
LaTeX Font Info:    Font shape `OT1/ptm/bx/n' in size <5.01874> not available
(Font)              Font shape `OT1/ptm/b/n' tried instead on input line 1090.
LaTeX Font Info:    Font shape `OT1/ptm/bx/it' in size <5.01874> not available
(Font)              Font shape `OT1/ptm/b/it' tried instead on input line 1090.

LaTeX Font Info:    Font shape `OT1/ptm/bx/n' in size <7.02625> not available
(Font)              Font shape `OT1/ptm/b/n' tried instead on input line 1090.
LaTeX Font Info:    Font shape `OT1/ptm/bx/it' in size <7.02625> not available
(Font)              Font shape `OT1/ptm/b/it' tried instead on input line 1090.

LaTeX Font Info:    Font shape `OT1/ptm/bx/n' in size <8.03> not available
(Font)              Font shape `OT1/ptm/b/n' tried instead on input line 1090.
LaTeX Font Info:    Font shape `OT1/ptm/bx/it' in size <8.03> not available
(Font)              Font shape `OT1/ptm/b/it' tried instead on input line 1090.

LaTeX Font Info:    Font shape `OT1/ptm/bx/n' in size <9.03374> not available
(Font)              Font shape `OT1/ptm/b/n' tried instead on input line 1090.
LaTeX Font Info:    Font shape `OT1/ptm/bx/it' in size <9.03374> not available
(Font)              Font shape `OT1/ptm/b/it' tried instead on input line 1090.

LaTeX Font Info:    Font shape `OT1/ptm/bx/n' in size <10.03749> not available
(Font)              Font shape `OT1/ptm/b/n' tried instead on input line 1090.
LaTeX Font Info:    Font shape `OT1/ptm/bx/it' in size <10.03749> not available

(Font)              Font shape `OT1/ptm/b/it' tried instead on input line 1090.

LaTeX Font Info:    Font shape `OT1/ptm/bx/n' in size <11.04124> not available
(Font)              Font shape `OT1/ptm/b/n' tried instead on input line 1090.
LaTeX Font Info:    Font shape `OT1/ptm/bx/it' in size <11.04124> not available

(Font)              Font shape `OT1/ptm/b/it' tried instead on input line 1090.

LaTeX Font Info:    Font shape `OT1/ptm/bx/n' in size <12.045> not available
(Font)              Font shape `OT1/ptm/b/n' tried instead on input line 1090.
LaTeX Font Info:    Font shape `OT1/ptm/bx/it' in size <12.045> not available
(Font)              Font shape `OT1/ptm/b/it' tried instead on input line 1090.

LaTeX Font Info:    Font shape `OT1/ptm/bx/n' in size <17.06374> not available
(Font)              Font shape `OT1/ptm/b/n' tried instead on input line 1090.
LaTeX Font Info:    Font shape `OT1/ptm/bx/it' in size <17.06374> not available

(Font)              Font shape `OT1/ptm/b/it' tried instead on input line 1090.

LaTeX Font Info:    Font shape `OT1/ptm/bx/n' in size <20.075> not available
(Font)              Font shape `OT1/ptm/b/n' tried instead on input line 1090.
LaTeX Font Info:    Font shape `OT1/ptm/bx/it' in size <20.075> not available
(Font)              Font shape `OT1/ptm/b/it' tried instead on input line 1090.

LaTeX Font Info:    Font shape `OT1/ptm/bx/n' in size <24.09> not available
(Font)              Font shape `OT1/ptm/b/n' tried instead on input line 1090.
LaTeX Font Info:    Font shape `OT1/ptm/bx/it' in size <24.09> not available
(Font)              Font shape `OT1/ptm/b/it' tried instead on input line 1090.

\IEEEquantizedlength=\dimen109
\IEEEquantizedlengthdiff=\dimen110
\IEEEquantizedtextheightdiff=\dimen111
\IEEEilabelindentA=\dimen112
\IEEEilabelindentB=\dimen113
\IEEEilabelindent=\dimen114
\IEEEelabelindent=\dimen115
\IEEEdlabelindent=\dimen116
\IEEElabelindent=\dimen117
\IEEEiednormlabelsep=\dimen118
\IEEEiedmathlabelsep=\dimen119
\IEEEiedtopsep=\skip41
\c@section=\count82
\c@subsection=\count83
\c@subsubsection=\count84
\c@paragraph=\count85
\c@IEEEsubequation=\count86
\abovecaptionskip=\skip42
\belowcaptionskip=\skip43
\c@figure=\count87
\c@table=\count88
\@IEEEeqnnumcols=\count89
\@IEEEeqncolcnt=\count90
\@IEEEsubeqnnumrollback=\count91
\@IEEEquantizeheightA=\dimen120
\@IEEEquantizeheightB=\dimen121
\@IEEEquantizeheightC=\dimen122
\@IEEEquantizeprevdepth=\dimen123
\@IEEEquantizemultiple=\count92
\@IEEEquantizeboxA=\box26
\@IEEEtmpitemindent=\dimen124
\IEEEPARstartletwidth=\dimen125
\c@IEEEbiography=\count93
\@IEEEtranrubishbin=\box27
) (/usr/share/texlive/texmf-dist/tex/latex/cite/cite.sty
LaTeX Info: Redefining \cite on input line 302.
LaTeX Info: Redefining \nocite on input line 332.
Package: cite 2015/02/27  v 5.5
)
(/usr/share/texlive/texmf-dist/tex/latex/graphics/graphicx.sty
Package: graphicx 2014/10/28 v1.0g Enhanced LaTeX Graphics (DPC,SPQR)

(/usr/share/texlive/texmf-dist/tex/latex/graphics/keyval.sty
Package: keyval 2014/10/28 v1.15 key=value parser (DPC)
\KV@toks@=\toks15
)
(/usr/share/texlive/texmf-dist/tex/latex/graphics/graphics.sty
Package: graphics 2016/10/09 v1.0u Standard LaTeX Graphics (DPC,SPQR)

(/usr/share/texlive/texmf-dist/tex/latex/graphics/trig.sty
Package: trig 2016/01/03 v1.10 sin cos tan (DPC)
)
(/usr/share/texlive/texmf-dist/tex/latex/graphics-cfg/graphics.cfg
File: graphics.cfg 2016/06/04 v1.11 sample graphics configuration
)
Package graphics Info: Driver file: pdftex.def on input line 99.

(/usr/share/texlive/texmf-dist/tex/latex/graphics-def/pdftex.def
File: pdftex.def 2017/01/12 v0.06k Graphics/color for pdfTeX

(/usr/share/texlive/texmf-dist/tex/generic/oberdiek/infwarerr.sty
Package: infwarerr 2016/05/16 v1.4 Providing info/warning/error messages (HO)
)
(/usr/share/texlive/texmf-dist/tex/generic/oberdiek/ltxcmds.sty
Package: ltxcmds 2016/05/16 v1.23 LaTeX kernel commands for general use (HO)
)
\Gread@gobject=\count94
))
\Gin@req@height=\dimen126
\Gin@req@width=\dimen127
)
(/usr/share/texlive/texmf-dist/tex/latex/float/float.sty
Package: float 2001/11/08 v1.3d Float enhancements (AL)
\c@float@type=\count95
\float@exts=\toks16
\float@box=\box28
\@float@everytoks=\toks17
\@floatcapt=\box29
)
(./15bce1287_finalpaper_ml.aux

LaTeX Warning: Label `fig_error' multiply defined.


LaTeX Warning: Label `fig_error' multiply defined.


LaTeX Warning: Label `fig_error' multiply defined.


LaTeX Warning: Label `fig_error' multiply defined.


LaTeX Warning: Label `fig_error' multiply defined.


LaTeX Warning: Label `fig_error' multiply defined.


LaTeX Warning: Label `fig_error' multiply defined.


LaTeX Warning: Label `fig_error' multiply defined.


LaTeX Warning: Label `fig_error' multiply defined.


LaTeX Warning: Label `fig_error' multiply defined.


LaTeX Warning: Label `fig_error' multiply defined.


LaTeX Warning: Label `fig_error' multiply defined.


LaTeX Warning: Label `fig_error' multiply defined.


LaTeX Warning: Label `fig_error' multiply defined.


LaTeX Warning: Label `fig_error' multiply defined.


LaTeX Warning: Label `fig_error' multiply defined.

)
\openout1 = `15bce1287_finalpaper_ml.aux'.

LaTeX Font Info:    Checking defaults for OML/cmm/m/it on input line 329.
LaTeX Font Info:    ... okay on input line 329.
LaTeX Font Info:    Checking defaults for T1/cmr/m/n on input line 329.
LaTeX Font Info:    ... okay on input line 329.
LaTeX Font Info:    Checking defaults for OT1/cmr/m/n on input line 329.
LaTeX Font Info:    ... okay on input line 329.
LaTeX Font Info:    Checking defaults for OMS/cmsy/m/n on input line 329.
LaTeX Font Info:    ... okay on input line 329.
LaTeX Font Info:    Checking defaults for OMX/cmex/m/n on input line 329.
LaTeX Font Info:    ... okay on input line 329.
LaTeX Font Info:    Checking defaults for U/cmr/m/n on input line 329.
LaTeX Font Info:    ... okay on input line 329.

-- Lines per column: 58 (exact).
(/usr/share/texlive/texmf-dist/tex/context/base/mkii/supp-pdf.mkii
[Loading MPS to PDF converter (version 2006.09.02).]
\scratchcounter=\count96
\scratchdimen=\dimen128
\scratchbox=\box30
\nofMPsegments=\count97
\nofMParguments=\count98
\everyMPshowfont=\toks18
\MPscratchCnt=\count99
\MPscratchDim=\dimen129
\MPnumerator=\count100
\makeMPintoPDFobject=\count101
\everyMPtoPDFconversion=\toks19
) (/usr/share/texlive/texmf-dist/tex/generic/oberdiek/pdftexcmds.sty
Package: pdftexcmds 2016/05/21 v0.22 Utility functions of pdfTeX for LuaTeX (HO
)

(/usr/share/texlive/texmf-dist/tex/generic/oberdiek/ifluatex.sty
Package: ifluatex 2016/05/16 v1.4 Provides the ifluatex switch (HO)
Package ifluatex Info: LuaTeX not detected.
)
(/usr/share/texlive/texmf-dist/tex/generic/oberdiek/ifpdf.sty
Package: ifpdf 2016/05/14 v3.1 Provides the ifpdf switch
)
Package pdftexcmds Info: LuaTeX not detected.
Package pdftexcmds Info: \pdf@primitive is available.
Package pdftexcmds Info: \pdf@ifprimitive is available.
Package pdftexcmds Info: \pdfdraftmode found.
)
(/usr/share/texlive/texmf-dist/tex/latex/oberdiek/epstopdf-base.sty
Package: epstopdf-base 2016/05/15 v2.6 Base part for package epstopdf

(/usr/share/texlive/texmf-dist/tex/latex/oberdiek/grfext.sty
Package: grfext 2016/05/16 v1.2 Manage graphics extensions (HO)

(/usr/share/texlive/texmf-dist/tex/generic/oberdiek/kvdefinekeys.sty
Package: kvdefinekeys 2016/05/16 v1.4 Define keys (HO)
))
(/usr/share/texlive/texmf-dist/tex/latex/oberdiek/kvoptions.sty
Package: kvoptions 2016/05/16 v3.12 Key value format for package options (HO)

(/usr/share/texlive/texmf-dist/tex/generic/oberdiek/kvsetkeys.sty
Package: kvsetkeys 2016/05/16 v1.17 Key value parser (HO)

(/usr/share/texlive/texmf-dist/tex/generic/oberdiek/etexcmds.sty
Package: etexcmds 2016/05/16 v1.6 Avoid name clashes with e-TeX commands (HO)
Package etexcmds Info: Could not find \expanded.
(etexcmds)             That can mean that you are not using pdfTeX 1.50 or
(etexcmds)             that some package has redefined \expanded.
(etexcmds)             In the latter case, load this package earlier.
)))
Package epstopdf-base Info: Redefining graphics rule for `.eps' on input line 4
38.
Package grfext Info: Graphics extension search list:
(grfext)             [.png,.pdf,.jpg,.mps,.jpeg,.jbig2,.jb2,.PNG,.PDF,.JPG,.JPE
G,.JBIG2,.JB2,.eps]
(grfext)             \AppendGraphicsExtensions on input line 456.

(/usr/share/texlive/texmf-dist/tex/latex/latexconfig/epstopdf-sys.cfg
File: epstopdf-sys.cfg 2010/07/13 v1.3 Configuration of (r)epstopdf for TeX Liv
e
))
LaTeX Font Info:    Try loading font information for OT1+phv on input line 393.


(/usr/share/texlive/texmf-dist/tex/latex/psnfss/ot1phv.fd
File: ot1phv.fd 2001/06/04 scalable font definitions for OT1/phv.
)
LaTeX Font Info:    Font shape `OT1/ptm/bx/n' in size <14.05249> not available
(Font)              Font shape `OT1/ptm/b/n' tried instead on input line 393.
LaTeX Font Info:    Calculating math sizes for size <11.04124> on input line 39
3.
LaTeX Font Info:    External font `cmex10' loaded for size
(Font)              <11.04124> on input line 393.
LaTeX Font Info:    External font `cmex10' loaded for size
(Font)              <7.72884> on input line 393.
LaTeX Font Info:    External font `cmex10' loaded for size
(Font)              <5.52061> on input line 393.
LaTeX Font Info:    Calculating math sizes for size <8.03> on input line 393.
LaTeX Font Info:    External font `cmex10' loaded for size
(Font)              <8.03> on input line 393.
LaTeX Font Info:    External font `cmex10' loaded for size
(Font)              <5.62097> on input line 393.
LaTeX Font Info:    External font `cmex10' loaded for size
(Font)              <4.015> on input line 393.
LaTeX Font Info:    Calculating math sizes for size <10.03749> on input line 39
3.
LaTeX Font Info:    External font `cmex10' loaded for size
(Font)              <10.03749> on input line 393.
LaTeX Font Info:    External font `cmex10' loaded for size
(Font)              <7.0262> on input line 393.
LaTeX Font Info:    External font `cmex10' loaded for size
(Font)              <5.01874> on input line 393.


! LaTeX Error: There's no line here to end.

See the LaTeX manual or LaTeX Companion for explanation.
Type  H <return>  for immediate help.
 ...                                              
                                                  
l.395 
      
Your command was ignored.
Type  I <command> <return>  to replace it with another command,
or  <return>  to continue without it.


Underfull \hbox (badness 7722) in paragraph at lines 445--445
 \OT1/ptm/b/n/12.045 3. Database - Breast Can-cer Wis-con-sin
 []

<1.png, id=1, 483.8075pt x 196.735pt>
File: 1.png Graphic file (type png)
 <use 1.png>
Package pdftex.def Info: 1.png used on input line 451.
(pdftex.def)             Requested size: 252.94707pt x 130.08563pt.

Overfull \hbox (9.03581pt too wide) in paragraph at lines 451--455
 [][] 
 []


Underfull \hbox (badness 10000) in paragraph at lines 462--464

 []


Underfull \vbox (badness 1960) has occurred while \output is active []

 [1{/var/lib/texmf/fonts/map/pdftex/updmap/pdftex.map}


 <./1.png>]
Underfull \hbox (badness 10000) in paragraph at lines 465--467

 []


! LaTeX Error: There's no line here to end.

See the LaTeX manual or LaTeX Companion for explanation.
Type  H <return>  for immediate help.
 ...                                              
                                                  
l.475 \newline
              
Your command was ignored.
Type  I <command> <return>  to replace it with another command,
or  <return>  to continue without it.


Underfull \hbox (badness 10000) in paragraph at lines 477--479

 []

<knn1.png, id=12, 612.2875pt x 52.195pt>
File: knn1.png Graphic file (type png)
 <use knn1.png>
Package pdftex.def Info: knn1.png used on input line 482.
(pdftex.def)             Requested size: 252.94542pt x 28.90804pt.

Overfull \hbox (9.03416pt too wide) in paragraph at lines 482--486
 [][] 
 []


Underfull \hbox (badness 10000) in paragraph at lines 490--493

 []

<svm1.png, id=13, 72.27pt x 71.3064pt>
File: svm1.png Graphic file (type png)
 <use svm1.png>
Package pdftex.def Info: svm1.png used on input line 498.
(pdftex.def)             Requested size: 216.82153pt x 130.10312pt.


! LaTeX Error: There's no line here to end.

See the LaTeX manual or LaTeX Companion for explanation.
Type  H <return>  for immediate help.
 ...                                              
                                                  
l.506 \newline
              
Your command was ignored.
Type  I <command> <return>  to replace it with another command,
or  <return>  to continue without it.

<svm2.png, id=14, 847.165pt x 166.6225pt>
File: svm2.png Graphic file (type png)
 <use svm2.png>
Package pdftex.def Info: svm2.png used on input line 512.
(pdftex.def)             Requested size: 252.93634pt x 43.3615pt.

Overfull \hbox (9.02509pt too wide) in paragraph at lines 512--516
 [][] 
 []


Underfull \hbox (badness 10000) in paragraph at lines 508--519

 []

<mlp1.png, id=15, 433.62pt x 283.0575pt>
File: mlp1.png Graphic file (type png)
 <use mlp1.png>
Package pdftex.def Info: mlp1.png used on input line 524.
(pdftex.def)             Requested size: 252.94879pt x 130.08708pt.

Overfull \hbox (9.03754pt too wide) in paragraph at lines 524--528
 [][] 
 []


! LaTeX Error: There's no line here to end.

See the LaTeX manual or LaTeX Companion for explanation.
Type  H <return>  for immediate help.
 ...                                              
                                                  
l.532 \newline
              
Your command was ignored.
Type  I <command> <return>  to replace it with another command,
or  <return>  to continue without it.

[2 <./knn1.png> <./svm1.png> <./svm2.png> <./mlp1.png>]
<mlp2.png, id=20, 328.22626pt x 84.315pt>
File: mlp2.png Graphic file (type png)
 <use mlp2.png>
Package pdftex.def Info: mlp2.png used on input line 538.
(pdftex.def)             Requested size: 252.94534pt x 43.36287pt.

Overfull \hbox (9.03409pt too wide) in paragraph at lines 538--542
 [][] 
 []


Underfull \hbox (badness 2689) in paragraph at lines 546--548
\OT1/ptm/m/n/10.03749 com-plete a given cy-cle.Linearly in-seper-a-ble prob-lem
s
 []


Underfull \hbox (badness 10000) in paragraph at lines 546--548

 []


! LaTeX Error: There's no line here to end.

See the LaTeX manual or LaTeX Companion for explanation.
Type  H <return>  for immediate help.
 ...                                              
                                                  
l.552 \newline
              
Your command was ignored.
Type  I <command> <return>  to replace it with another command,
or  <return>  to continue without it.


! LaTeX Error: There's no line here to end.

See the LaTeX manual or LaTeX Companion for explanation.
Type  H <return>  for immediate help.
 ...                                              
                                                  
l.557 \newline
              
Your command was ignored.
Type  I <command> <return>  to replace it with another command,
or  <return>  to continue without it.


! LaTeX Error: There's no line here to end.

See the LaTeX manual or LaTeX Companion for explanation.
Type  H <return>  for immediate help.
 ...                                              
                                                  
l.560 \newline
              
Your command was ignored.
Type  I <command> <return>  to replace it with another command,
or  <return>  to continue without it.

<lr1.png, id=21, 734.745pt x 187.70125pt>
File: lr1.png Graphic file (type png)
 <use lr1.png>
Package pdftex.def Info: lr1.png used on input line 565.
(pdftex.def)             Requested size: 252.93794pt x 43.36226pt.

Overfull \hbox (9.02669pt too wide) in paragraph at lines 565--569
 [][] 
 []


! LaTeX Error: There's no line here to end.

See the LaTeX manual or LaTeX Companion for explanation.
Type  H <return>  for immediate help.
 ...                                              
                                                  
l.574 \newline
              
Your command was ignored.
Type  I <command> <return>  to replace it with another command,
or  <return>  to continue without it.


Underfull \hbox (badness 10000) in paragraph at lines 575--577

 []

<p2.png, id=22, 425.59pt x 281.05pt>
File: p2.png Graphic file (type png)
 <use p2.png>
Package pdftex.def Info: p2.png used on input line 594.
(pdftex.def)             Requested size: 252.94669pt x 130.0865pt.

Overfull \hbox (9.03543pt too wide) in paragraph at lines 594--598
 [][] 
 []

<p3.png, id=24, 425.59pt x 281.05pt>
File: p3.png Graphic file (type png)
 <use p3.png>
Package pdftex.def Info: p3.png used on input line 604.
(pdftex.def)             Requested size: 252.94669pt x 130.0865pt.

Overfull \hbox (9.03543pt too wide) in paragraph at lines 604--608
 [][] 
 []


Underfull \vbox (badness 10000) has occurred while \output is active []

 [3 <./mlp2.png> <./lr1.png> <./p2.png>]
<DecisionTree.png, id=29, 1955.305pt x 638.385pt>
File: DecisionTree.png Graphic file (type png)
 <use DecisionTree.png>
Package pdftex.def Info: DecisionTree.png used on input line 616.
(pdftex.def)             Requested size: 252.91565pt x 130.08075pt.

Overfull \hbox (9.0044pt too wide) in paragraph at lines 616--620
 [][] 
 []

<lr2.png, id=30, 390.45876pt x 269.005pt>
File: lr2.png Graphic file (type png)
 <use lr2.png>
Package pdftex.def Info: lr2.png used on input line 628.
(pdftex.def)             Requested size: 252.94319pt x 130.08553pt.

Overfull \hbox (9.03194pt too wide) in paragraph at lines 628--632
 [][] 
 []


Underfull \hbox (badness 1852) in paragraph at lines 625--635
[]\OT1/ptm/m/n/10.03749 Then we ap-plied Lo-gis-tic Re-gres-sion model from
 []

<km2.png, id=31, 512.91624pt x 279.0425pt>
File: km2.png Graphic file (type png)
 <use km2.png>
Package pdftex.def Info: km2.png used on input line 641.
(pdftex.def)             Requested size: 252.9434pt x 130.08978pt.

Overfull \hbox (9.03215pt too wide) in paragraph at lines 641--645
 [][] 
 []

<km3.png, id=32, 406.51875pt x 266.9975pt>
File: km3.png Graphic file (type png)
 <use km3.png>
Package pdftex.def Info: km3.png used on input line 651.
(pdftex.def)             Requested size: 252.94464pt x 130.08842pt.

Overfull \hbox (9.03339pt too wide) in paragraph at lines 651--655
 [][] 
 []

<mlp3.png, id=33, 425.59pt x 281.05pt>
File: mlp3.png Graphic file (type png)
 <use mlp3.png>
Package pdftex.def Info: mlp3.png used on input line 663.
(pdftex.def)             Requested size: 252.94669pt x 130.0865pt.

Overfull \hbox (9.03543pt too wide) in paragraph at lines 663--667
 [][] 
 []

<svm3.png, id=34, 387.4475pt x 266.9975pt>
File: svm3.png Graphic file (type png)
 <use svm3.png>
Package pdftex.def Info: svm3.png used on input line 675.
(pdftex.def)             Requested size: 252.94934pt x 130.08842pt.

Overfull \hbox (9.03809pt too wide) in paragraph at lines 675--679
 [][] 
 []

[4 <./p3.png> <./DecisionTree.png> <./lr2.png> <./km2.png> <./km3.png> <./mlp3.
png>] <knn2.png, id=43, 387.4475pt x 266.9975pt>
File: knn2.png Graphic file (type png)
 <use knn2.png>
Package pdftex.def Info: knn2.png used on input line 687.
(pdftex.def)             Requested size: 252.94934pt x 130.08842pt.

Overfull \hbox (9.03809pt too wide) in paragraph at lines 687--691
 [][] 
 []

<analysis_chart.png, id=44, 824.32968pt x 606.01407pt>
File: analysis_chart.png Graphic file (type png)

<use analysis_chart.png>
Package pdftex.def Info: analysis_chart.png used on input line 702.
(pdftex.def)             Requested size: 252.94844pt x 216.80559pt.

Overfull \hbox (9.03719pt too wide) in paragraph at lines 702--706
 [][] 
 []


Underfull \vbox (badness 10000) has occurred while \output is active []



! LaTeX Error: There's no line here to end.

See the LaTeX manual or LaTeX Companion for explanation.
Type  H <return>  for immediate help.
 ...                                              
                                                  
l.716 \newline
              
Your command was ignored.
Type  I <command> <return>  to replace it with another command,
or  <return>  to continue without it.

Missing character: There is no ‚ in font ptmr7t!
Missing character: There is no Ä in font ptmr7t!
Missing character: There is no î in font ptmr7t!
Missing character: There is no ‚ in font ptmr7t!
Missing character: There is no Ä in font ptmr7t!
Missing character: There is no î in font ptmr7t!
Missing character: There is no ‚ in font ptmr7t!
Missing character: There is no Ä in font ptmr7t!
Missing character: There is no ú in font ptmr7t!
Missing character: There is no ‚ in font ptmr7t!
Missing character: There is no Ä in font ptmr7t!
Missing character: There is no ù in font ptmr7t!
Missing character: There is no ‚ in font ptmr7t!
Missing character: There is no Ä in font ptmr7t!
Missing character: There is no ú in font ptmr7t!
Missing character: There is no ‚ in font ptmr7t!
Missing character: There is no Ä in font ptmr7t!
Missing character: There is no ù in font ptmr7t!
Missing character: There is no ‚ in font ptmr7t!
Missing character: There is no Ä in font ptmr7t!
Missing character: There is no ú in font ptmr7t!
Missing character: There is no ‚ in font ptmr7t!
Missing character: There is no Ä in font ptmr7t!
Missing character: There is no ù in font ptmr7t!
Missing character: There is no ‚ in font ptmr7t!
Missing character: There is no Ä in font ptmr7t!
Missing character: There is no ú in font ptmr7t!
Missing character: There is no ‚ in font ptmr7t!
Missing character: There is no Ä in font ptmr7t!
Missing character: There is no ù in font ptmr7t!
Missing character: There is no ‚ in font ptmr7t!
Missing character: There is no Ä in font ptmr7t!
Missing character: There is no ú in font ptmr7t!
Missing character: There is no ‚ in font ptmr7t!
Missing character: There is no Ä in font ptmr7t!
Missing character: There is no ù in font ptmr7t!
Missing character: There is no ‚ in font ptmr7t!
Missing character: There is no Ä in font ptmr7t!
Missing character: There is no ú in font ptmr7t!
Missing character: There is no ‚ in font ptmr7t!
Missing character: There is no Ä in font ptmr7t!
Missing character: There is no ù in font ptmr7t!
Missing character: There is no ‚ in font ptmr7t!
Missing character: There is no Ä in font ptmr7t!
Missing character: There is no ú in font ptmr7t!
Missing character: There is no ‚ in font ptmr7t!
Missing character: There is no Ä in font ptmr7t!
Missing character: There is no ù in font ptmr7t!

Underfull \hbox (badness 10000) in paragraph at lines 717--770
[]\OT1/ptm/m/n/10.03749 [1] WHO  Breast Can-cer: Pre-ven-tion and
 []


Underfull \hbox (badness 10000) in paragraph at lines 717--770
\OT1/ptm/m/n/10.03749 Con-trol (2015) Re-trieved 20 Jan 2015, from
 []


Underfull \hbox (badness 10000) in paragraph at lines 717--770
\OT1/ptm/m/n/10.03749 WHO  World Health Or-ga-ni-za-tion. http://
 []


Underfull \hbox (badness 1755) in paragraph at lines 717--770
\OT1/ptm/m/n/10.03749 [6] K. Kourou, T. P. Exar-chos, K. P. Exar-chos, M.
 []


Underfull \hbox (badness 1681) in paragraph at lines 717--770
\OT1/ptm/m/n/10.03749 V. Karamouzis, and D. I. Fo-tiadis, Ma-chine learn-ing
 []


Underfull \hbox (badness 1466) in paragraph at lines 717--770
\OT1/ptm/m/n/10.03749 [7] T. J. Cleophas and A. H. Zwin-der-man, Ma-chine
 []

[5 <./svm3.png> <./knn2.png> <./analysis_chart.png (PNG copy)>]
No file 15bce1287_finalpaper_ml.bbl.

** Conference Paper **
Before submitting the final camera ready copy, remember to:

 1. Manually equalize the lengths of two columns on the last page
 of your paper;

 2. Ensure that any PostScript and/or PDF output post-processing
 uses only Type 1 fonts and that every step in the generation
 process uses the appropriate paper size.

[6

] (./15bce1287_finalpaper_ml.aux)

LaTeX Warning: There were multiply-defined labels.

 ) 
Here is how much of TeX's memory you used:
 2649 strings out of 493013
 43114 string characters out of 6135683
 107699 words of memory out of 5000000
 6162 multiletter control sequences out of 15000+600000
 38923 words of font info for 76 fonts, out of 8000000 for 9000
 1144 hyphenation exceptions out of 8191
 39i,11n,27p,820b,334s stack positions out of 5000i,500n,10000p,200000b,80000s
{/usr/share/texlive/texmf-dist/fonts/enc/dvips/base/8r.enc}</usr/share/texliv
e/texmf-dist/fonts/type1/public/amsfonts/cm/cmsy8.pfb></usr/share/texlive/texmf
-dist/fonts/type1/urw/times/utmb8a.pfb></usr/share/texlive/texmf-dist/fonts/typ
e1/urw/times/utmbi8a.pfb></usr/share/texlive/texmf-dist/fonts/type1/urw/times/u
tmr8a.pfb></usr/share/texlive/texmf-dist/fonts/type1/urw/times/utmri8a.pfb>
Output written on 15bce1287_finalpaper_ml.pdf (6 pages, 405169 bytes).
PDF statistics:
 71 PDF objects out of 1000 (max. 8388607)
 31 compressed objects within 1 object stream
 0 named destinations out of 1000 (max. 500000)
 86 words of extra memory for PDF output out of 10000 (max. 10000000)

