This is pdfTeX, Version 3.14159265-2.6-1.40.17 (TeX Live 2016/Debian) (preloaded format=pdflatex 2017.8.9)  8 NOV 2017 01:10
entering extended mode
 restricted \write18 enabled.
 %&-line parsing enabled.
**15bce1287_lab11_ml.tex
(./15bce1287_lab11_ml.tex
LaTeX2e <2017/01/01> patch level 3
Babel <3.9r> and hyphenation patterns for 83 language(s) loaded.
(/usr/share/texlive/texmf-dist/tex/latex/IEEEtran/IEEEtran.cls
Document Class: IEEEtran 2015/08/26 V1.8b by Michael Shell
-- See the "IEEEtran_HOWTO" manual for usage information.
-- http://www.michaelshell.org/tex/ieeetran/
\@IEEEtrantmpdimenA=\dimen102
\@IEEEtrantmpdimenB=\dimen103
\@IEEEtrantmpdimenC=\dimen104
\@IEEEtrantmpcountA=\count79
\@IEEEtrantmpcountB=\count80
\@IEEEtrantmpcountC=\count81
\@IEEEtrantmptoksA=\toks14
LaTeX Font Info:    Try loading font information for OT1+ptm on input line 503.

(/usr/share/texlive/texmf-dist/tex/latex/psnfss/ot1ptm.fd
File: ot1ptm.fd 2001/06/04 font definitions for OT1/ptm.
)
-- Using IEEE Computer Society mode.
-- Using 8.5in x 11in (letter) paper.
-- Using PDF output.
\@IEEEnormalsizeunitybaselineskip=\dimen105
-- This is a 10 point document.
\CLASSINFOnormalsizebaselineskip=\dimen106
\CLASSINFOnormalsizeunitybaselineskip=\dimen107
\IEEEnormaljot=\dimen108
LaTeX Font Info:    Font shape `OT1/ptm/bx/n' in size <5.01874> not available
(Font)              Font shape `OT1/ptm/b/n' tried instead on input line 1090.
LaTeX Font Info:    Font shape `OT1/ptm/bx/it' in size <5.01874> not available
(Font)              Font shape `OT1/ptm/b/it' tried instead on input line 1090.

LaTeX Font Info:    Font shape `OT1/ptm/bx/n' in size <7.02625> not available
(Font)              Font shape `OT1/ptm/b/n' tried instead on input line 1090.
LaTeX Font Info:    Font shape `OT1/ptm/bx/it' in size <7.02625> not available
(Font)              Font shape `OT1/ptm/b/it' tried instead on input line 1090.

LaTeX Font Info:    Font shape `OT1/ptm/bx/n' in size <8.03> not available
(Font)              Font shape `OT1/ptm/b/n' tried instead on input line 1090.
LaTeX Font Info:    Font shape `OT1/ptm/bx/it' in size <8.03> not available
(Font)              Font shape `OT1/ptm/b/it' tried instead on input line 1090.

LaTeX Font Info:    Font shape `OT1/ptm/bx/n' in size <9.03374> not available
(Font)              Font shape `OT1/ptm/b/n' tried instead on input line 1090.
LaTeX Font Info:    Font shape `OT1/ptm/bx/it' in size <9.03374> not available
(Font)              Font shape `OT1/ptm/b/it' tried instead on input line 1090.

LaTeX Font Info:    Font shape `OT1/ptm/bx/n' in size <10.03749> not available
(Font)              Font shape `OT1/ptm/b/n' tried instead on input line 1090.
LaTeX Font Info:    Font shape `OT1/ptm/bx/it' in size <10.03749> not available

(Font)              Font shape `OT1/ptm/b/it' tried instead on input line 1090.

LaTeX Font Info:    Font shape `OT1/ptm/bx/n' in size <11.04124> not available
(Font)              Font shape `OT1/ptm/b/n' tried instead on input line 1090.
LaTeX Font Info:    Font shape `OT1/ptm/bx/it' in size <11.04124> not available

(Font)              Font shape `OT1/ptm/b/it' tried instead on input line 1090.

LaTeX Font Info:    Font shape `OT1/ptm/bx/n' in size <12.045> not available
(Font)              Font shape `OT1/ptm/b/n' tried instead on input line 1090.
LaTeX Font Info:    Font shape `OT1/ptm/bx/it' in size <12.045> not available
(Font)              Font shape `OT1/ptm/b/it' tried instead on input line 1090.

LaTeX Font Info:    Font shape `OT1/ptm/bx/n' in size <17.06374> not available
(Font)              Font shape `OT1/ptm/b/n' tried instead on input line 1090.
LaTeX Font Info:    Font shape `OT1/ptm/bx/it' in size <17.06374> not available

(Font)              Font shape `OT1/ptm/b/it' tried instead on input line 1090.

LaTeX Font Info:    Font shape `OT1/ptm/bx/n' in size <20.075> not available
(Font)              Font shape `OT1/ptm/b/n' tried instead on input line 1090.
LaTeX Font Info:    Font shape `OT1/ptm/bx/it' in size <20.075> not available
(Font)              Font shape `OT1/ptm/b/it' tried instead on input line 1090.

LaTeX Font Info:    Font shape `OT1/ptm/bx/n' in size <24.09> not available
(Font)              Font shape `OT1/ptm/b/n' tried instead on input line 1090.
LaTeX Font Info:    Font shape `OT1/ptm/bx/it' in size <24.09> not available
(Font)              Font shape `OT1/ptm/b/it' tried instead on input line 1090.

\IEEEquantizedlength=\dimen109
\IEEEquantizedlengthdiff=\dimen110
\IEEEquantizedtextheightdiff=\dimen111
\IEEEilabelindentA=\dimen112
\IEEEilabelindentB=\dimen113
\IEEEilabelindent=\dimen114
\IEEEelabelindent=\dimen115
\IEEEdlabelindent=\dimen116
\IEEElabelindent=\dimen117
\IEEEiednormlabelsep=\dimen118
\IEEEiedmathlabelsep=\dimen119
\IEEEiedtopsep=\skip41
\c@section=\count82
\c@subsection=\count83
\c@subsubsection=\count84
\c@paragraph=\count85
\c@IEEEsubequation=\count86
\abovecaptionskip=\skip42
\belowcaptionskip=\skip43
\c@figure=\count87
\c@table=\count88
\@IEEEeqnnumcols=\count89
\@IEEEeqncolcnt=\count90
\@IEEEsubeqnnumrollback=\count91
\@IEEEquantizeheightA=\dimen120
\@IEEEquantizeheightB=\dimen121
\@IEEEquantizeheightC=\dimen122
\@IEEEquantizeprevdepth=\dimen123
\@IEEEquantizemultiple=\count92
\@IEEEquantizeboxA=\box26
\@IEEEtmpitemindent=\dimen124
\IEEEPARstartletwidth=\dimen125
\c@IEEEbiography=\count93
\@IEEEtranrubishbin=\box27
) (/usr/share/texlive/texmf-dist/tex/latex/cite/cite.sty
LaTeX Info: Redefining \cite on input line 302.
LaTeX Info: Redefining \nocite on input line 332.
Package: cite 2015/02/27  v 5.5
)
(/usr/share/texlive/texmf-dist/tex/latex/graphics/graphicx.sty
Package: graphicx 2014/10/28 v1.0g Enhanced LaTeX Graphics (DPC,SPQR)

(/usr/share/texlive/texmf-dist/tex/latex/graphics/keyval.sty
Package: keyval 2014/10/28 v1.15 key=value parser (DPC)
\KV@toks@=\toks15
)
(/usr/share/texlive/texmf-dist/tex/latex/graphics/graphics.sty
Package: graphics 2016/10/09 v1.0u Standard LaTeX Graphics (DPC,SPQR)

(/usr/share/texlive/texmf-dist/tex/latex/graphics/trig.sty
Package: trig 2016/01/03 v1.10 sin cos tan (DPC)
)
(/usr/share/texlive/texmf-dist/tex/latex/graphics-cfg/graphics.cfg
File: graphics.cfg 2016/06/04 v1.11 sample graphics configuration
)
Package graphics Info: Driver file: pdftex.def on input line 99.

(/usr/share/texlive/texmf-dist/tex/latex/graphics-def/pdftex.def
File: pdftex.def 2017/01/12 v0.06k Graphics/color for pdfTeX

(/usr/share/texlive/texmf-dist/tex/generic/oberdiek/infwarerr.sty
Package: infwarerr 2016/05/16 v1.4 Providing info/warning/error messages (HO)
)
(/usr/share/texlive/texmf-dist/tex/generic/oberdiek/ltxcmds.sty
Package: ltxcmds 2016/05/16 v1.23 LaTeX kernel commands for general use (HO)
)
\Gread@gobject=\count94
))
\Gin@req@height=\dimen126
\Gin@req@width=\dimen127
)
(/usr/share/texlive/texmf-dist/tex/latex/float/float.sty
Package: float 2001/11/08 v1.3d Float enhancements (AL)
\c@float@type=\count95
\float@exts=\toks16
\float@box=\box28
\@float@everytoks=\toks17
\@floatcapt=\box29
)
(./15bce1287_lab11_ml.aux

LaTeX Warning: Label `fig_error' multiply defined.


LaTeX Warning: Label `fig_error' multiply defined.


LaTeX Warning: Label `fig_error' multiply defined.

)
\openout1 = `15bce1287_lab11_ml.aux'.

LaTeX Font Info:    Checking defaults for OML/cmm/m/it on input line 329.
LaTeX Font Info:    ... okay on input line 329.
LaTeX Font Info:    Checking defaults for T1/cmr/m/n on input line 329.
LaTeX Font Info:    ... okay on input line 329.
LaTeX Font Info:    Checking defaults for OT1/cmr/m/n on input line 329.
LaTeX Font Info:    ... okay on input line 329.
LaTeX Font Info:    Checking defaults for OMS/cmsy/m/n on input line 329.
LaTeX Font Info:    ... okay on input line 329.
LaTeX Font Info:    Checking defaults for OMX/cmex/m/n on input line 329.
LaTeX Font Info:    ... okay on input line 329.
LaTeX Font Info:    Checking defaults for U/cmr/m/n on input line 329.
LaTeX Font Info:    ... okay on input line 329.

-- Lines per column: 58 (exact).
(/usr/share/texlive/texmf-dist/tex/context/base/mkii/supp-pdf.mkii
[Loading MPS to PDF converter (version 2006.09.02).]
\scratchcounter=\count96
\scratchdimen=\dimen128
\scratchbox=\box30
\nofMPsegments=\count97
\nofMParguments=\count98
\everyMPshowfont=\toks18
\MPscratchCnt=\count99
\MPscratchDim=\dimen129
\MPnumerator=\count100
\makeMPintoPDFobject=\count101
\everyMPtoPDFconversion=\toks19
) (/usr/share/texlive/texmf-dist/tex/generic/oberdiek/pdftexcmds.sty
Package: pdftexcmds 2016/05/21 v0.22 Utility functions of pdfTeX for LuaTeX (HO
)

(/usr/share/texlive/texmf-dist/tex/generic/oberdiek/ifluatex.sty
Package: ifluatex 2016/05/16 v1.4 Provides the ifluatex switch (HO)
Package ifluatex Info: LuaTeX not detected.
)
(/usr/share/texlive/texmf-dist/tex/generic/oberdiek/ifpdf.sty
Package: ifpdf 2016/05/14 v3.1 Provides the ifpdf switch
)
Package pdftexcmds Info: LuaTeX not detected.
Package pdftexcmds Info: \pdf@primitive is available.
Package pdftexcmds Info: \pdf@ifprimitive is available.
Package pdftexcmds Info: \pdfdraftmode found.
)
(/usr/share/texlive/texmf-dist/tex/latex/oberdiek/epstopdf-base.sty
Package: epstopdf-base 2016/05/15 v2.6 Base part for package epstopdf

(/usr/share/texlive/texmf-dist/tex/latex/oberdiek/grfext.sty
Package: grfext 2016/05/16 v1.2 Manage graphics extensions (HO)

(/usr/share/texlive/texmf-dist/tex/generic/oberdiek/kvdefinekeys.sty
Package: kvdefinekeys 2016/05/16 v1.4 Define keys (HO)
))
(/usr/share/texlive/texmf-dist/tex/latex/oberdiek/kvoptions.sty
Package: kvoptions 2016/05/16 v3.12 Key value format for package options (HO)

(/usr/share/texlive/texmf-dist/tex/generic/oberdiek/kvsetkeys.sty
Package: kvsetkeys 2016/05/16 v1.17 Key value parser (HO)

(/usr/share/texlive/texmf-dist/tex/generic/oberdiek/etexcmds.sty
Package: etexcmds 2016/05/16 v1.6 Avoid name clashes with e-TeX commands (HO)
Package etexcmds Info: Could not find \expanded.
(etexcmds)             That can mean that you are not using pdfTeX 1.50 or
(etexcmds)             that some package has redefined \expanded.
(etexcmds)             In the latter case, load this package earlier.
)))
Package epstopdf-base Info: Redefining graphics rule for `.eps' on input line 4
38.
Package grfext Info: Graphics extension search list:
(grfext)             [.png,.pdf,.jpg,.mps,.jpeg,.jbig2,.jb2,.PNG,.PDF,.JPG,.JPE
G,.JBIG2,.JB2,.eps]
(grfext)             \AppendGraphicsExtensions on input line 456.

(/usr/share/texlive/texmf-dist/tex/latex/latexconfig/epstopdf-sys.cfg
File: epstopdf-sys.cfg 2010/07/13 v1.3 Configuration of (r)epstopdf for TeX Liv
e
))
LaTeX Font Info:    Try loading font information for OT1+phv on input line 393.


(/usr/share/texlive/texmf-dist/tex/latex/psnfss/ot1phv.fd
File: ot1phv.fd 2001/06/04 scalable font definitions for OT1/phv.
)
LaTeX Font Info:    Font shape `OT1/ptm/bx/n' in size <14.05249> not available
(Font)              Font shape `OT1/ptm/b/n' tried instead on input line 393.
LaTeX Font Info:    Calculating math sizes for size <11.04124> on input line 39
3.
LaTeX Font Info:    External font `cmex10' loaded for size
(Font)              <11.04124> on input line 393.
LaTeX Font Info:    External font `cmex10' loaded for size
(Font)              <7.72884> on input line 393.
LaTeX Font Info:    External font `cmex10' loaded for size
(Font)              <5.52061> on input line 393.
LaTeX Font Info:    Calculating math sizes for size <8.03> on input line 393.
LaTeX Font Info:    External font `cmex10' loaded for size
(Font)              <8.03> on input line 393.
LaTeX Font Info:    External font `cmex10' loaded for size
(Font)              <5.62097> on input line 393.
LaTeX Font Info:    External font `cmex10' loaded for size
(Font)              <4.015> on input line 393.
LaTeX Font Info:    Calculating math sizes for size <10.03749> on input line 39
3.
LaTeX Font Info:    External font `cmex10' loaded for size
(Font)              <10.03749> on input line 393.
LaTeX Font Info:    External font `cmex10' loaded for size
(Font)              <7.0262> on input line 393.
LaTeX Font Info:    External font `cmex10' loaded for size
(Font)              <5.01874> on input line 393.
Missing character: There is no Ô in font ptmr7t!
Missing character: There is no ¨ in font ptmr7t!
Missing character: There is no Å in font ptmr7t!

Underfull \hbox (badness 7722) in paragraph at lines 427--427
 \OT1/ptm/b/n/12.045 3. Database - Breast Can-cer Wis-con-sin
 []

<1.png, id=1, 483.8075pt x 196.735pt>
File: 1.png Graphic file (type png)
 <use 1.png>
Package pdftex.def Info: 1.png used on input line 437.
(pdftex.def)             Requested size: 252.94707pt x 130.08563pt.

Overfull \hbox (9.03581pt too wide) in paragraph at lines 437--441
 [][] 
 []

Missing character: There is no Œ in font ptmr7t!
Missing character: There is no ª in font ptmr7t!
Missing character: There is no Œ in font ptmr7t!
Missing character: There is no ª in font ptmr7t!
Missing character: There is no Œ in font ptmr7t!
Missing character: There is no ª in font ptmr7t!
Missing character: There is no Œ in font ptmr7t!
Missing character: There is no ª in font ptmr7t!
Missing character: There is no Œ in font ptmr7t!
Missing character: There is no ª in font ptmr7t!
Missing character: There is no Œ in font ptmr7t!
Missing character: There is no ª in font ptmr7t!
Missing character: There is no √ in font ptmr7t!
Missing character: There is no ó in font ptmr7t!
Missing character: There is no √ in font ptmr7t!
Missing character: There is no ó in font ptmr7t!
Missing character: There is no √ in font ptmr7t!
Missing character: There is no ó in font ptmr7t!
Missing character: There is no √ in font ptmr7t!
Missing character: There is no ó in font ptmr7t!
Missing character: There is no √ in font ptmr7t!
Missing character: There is no ó in font ptmr7t!
Missing character: There is no √ in font ptmr7t!
Missing character: There is no ó in font ptmr7t!

Underfull \hbox (badness 3635) in paragraph at lines 451--456
[]\OT1/ptm/m/n/10.03749 In this ex-per-i-ment we per-form PCA on cho-sen
 []

[1{/var/lib/texmf/fonts/map/pdftex/updmap/pdftex.map}


 <./1.png>]
<2_1.png, id=12, 390.45876pt x 266.9975pt>
File: 2_1.png Graphic file (type png)
 <use 2_1.png>
Package pdftex.def Info: 2_1.png used on input line 459.
(pdftex.def)             Requested size: 252.94319pt x 108.40634pt.

Overfull \hbox (9.03194pt too wide) in paragraph at lines 459--463
 [][] 
 []

<2_3.png, id=14, 389.455pt x 266.9975pt>
File: 2_3.png Graphic file (type png)
 <use 2_3.png>
Package pdftex.def Info: 2_3.png used on input line 471.
(pdftex.def)             Requested size: 252.94069pt x 108.40634pt.

Overfull \hbox (9.02943pt too wide) in paragraph at lines 471--475
 [][] 
 []

<2_4.png, id=15, 389.455pt x 266.9975pt>
File: 2_4.png Graphic file (type png)
 <use 2_4.png>
Package pdftex.def Info: 2_4.png used on input line 481.
(pdftex.def)             Requested size: 252.94069pt x 108.40634pt.

Overfull \hbox (9.02943pt too wide) in paragraph at lines 481--485
 [][] 
 []

No file 15bce1287_lab11_ml.bbl.

** Conference Paper **
Before submitting the final camera ready copy, remember to:

 1. Manually equalize the lengths of two columns on the last page
 of your paper;

 2. Ensure that any PostScript and/or PDF output post-processing
 uses only Type 1 fonts and that every step in the generation
 process uses the appropriate paper size.

[2

 <./2_1.png> <./2_3.png> <./2_4.png>] (./15bce1287_lab11_ml.aux)

LaTeX Warning: There were multiply-defined labels.

 ) 
Here is how much of TeX's memory you used:
 2583 strings out of 493013
 42219 string characters out of 6135683
 105698 words of memory out of 5000000
 6109 multiletter control sequences out of 15000+600000
 38923 words of font info for 76 fonts, out of 8000000 for 9000
 1144 hyphenation exceptions out of 8191
 39i,11n,27p,809b,334s stack positions out of 5000i,500n,10000p,200000b,80000s
{/usr/share/texlive/texmf-dist/fonts/enc/dvips/base/8r.enc}</usr/share/texliv
e/texmf-dist/fonts/type1/public/amsfonts/cm/cmsy8.pfb></usr/share/texlive/texmf
-dist/fonts/type1/urw/times/utmb8a.pfb></usr/share/texlive/texmf-dist/fonts/typ
e1/urw/times/utmbi8a.pfb></usr/share/texlive/texmf-dist/fonts/type1/urw/times/u
tmr8a.pfb></usr/share/texlive/texmf-dist/fonts/type1/urw/times/utmri8a.pfb>
Output written on 15bce1287_lab11_ml.pdf (2 pages, 94978 bytes).
PDF statistics:
 40 PDF objects out of 1000 (max. 8388607)
 23 compressed objects within 1 object stream
 0 named destinations out of 1000 (max. 500000)
 21 words of extra memory for PDF output out of 10000 (max. 10000000)

